2026-02-04 22:01:12,679 WARNING passlib.handlers.bcrypt (trapped) error reading bcrypt version
Traceback (most recent call last):
  File "C:\kojin\090_daiku\repos\pc-management\.venv\Lib\site-packages\passlib\handlers\bcrypt.py", line 620, in _load_backend_mixin
    version = _bcrypt.__about__.__version__
              ^^^^^^^^^^^^^^^^^
AttributeError: module 'bcrypt' has no attribute '__about__'
2026-02-04 22:01:13,693 WARNING passlib.handlers.bcrypt (trapped) error reading bcrypt version
Traceback (most recent call last):
  File "C:\kojin\090_daiku\repos\pc-management\.venv\Lib\site-packages\passlib\handlers\bcrypt.py", line 620, in _load_backend_mixin
    version = _bcrypt.__about__.__version__
              ^^^^^^^^^^^^^^^^^
AttributeError: module 'bcrypt' has no attribute '__about__'
2026-02-04 22:03:18,354 INFO auth login success user_id=testuser
2026-02-04 22:03:18,355 INFO app request path=/login method=POST status=303 latency_ms=84.3
2026-02-04 22:03:18,357 INFO httpx HTTP Request: POST http://testserver/login "HTTP/1.1 303 See Other"
2026-02-04 22:03:18,367 INFO auth login failed user_id=wrong reason=not_found
2026-02-04 22:03:18,367 INFO app request path=/login method=POST status=303 latency_ms=2.9
2026-02-04 22:03:18,369 INFO httpx HTTP Request: POST http://testserver/login "HTTP/1.1 303 See Other"
2026-02-04 22:03:18,375 INFO httpx HTTP Request: GET http://testserver/dashboard "HTTP/1.1 303 See Other"
2026-02-04 22:03:18,536 INFO auth login success user_id=testuser
2026-02-04 22:03:18,537 INFO app request path=/login method=POST status=303 latency_ms=74.3
2026-02-04 22:03:18,539 INFO httpx HTTP Request: POST http://testserver/login "HTTP/1.1 303 See Other"
2026-02-04 22:03:18,560 INFO app request path=/dashboard method=GET status=200 latency_ms=18.5
2026-02-04 22:03:18,562 INFO httpx HTTP Request: GET http://testserver/dashboard "HTTP/1.1 200 OK"
2026-02-04 22:03:18,566 INFO app request path=/logout method=POST status=303 latency_ms=1.3
2026-02-04 22:03:18,567 INFO httpx HTTP Request: POST http://testserver/logout "HTTP/1.1 303 See Other"
2026-02-04 22:05:58,808 INFO auth login success user_id=testuser
2026-02-04 22:05:58,811 INFO app request path=/login method=POST status=303 latency_ms=79.2
2026-02-04 22:05:58,813 INFO httpx HTTP Request: POST http://testserver/login "HTTP/1.1 303 See Other"
2026-02-04 22:05:58,820 INFO auth login failed user_id=wrong reason=not_found
2026-02-04 22:05:58,820 INFO app request path=/login method=POST status=303 latency_ms=2.5
2026-02-04 22:05:58,823 INFO httpx HTTP Request: POST http://testserver/login "HTTP/1.1 303 See Other"
2026-02-04 22:05:58,828 INFO httpx HTTP Request: GET http://testserver/dashboard "HTTP/1.1 303 See Other"
2026-02-04 22:05:58,977 INFO auth login success user_id=testuser
2026-02-04 22:05:58,978 INFO app request path=/login method=POST status=303 latency_ms=71.8
2026-02-04 22:05:58,980 INFO httpx HTTP Request: POST http://testserver/login "HTTP/1.1 303 See Other"
2026-02-04 22:05:58,989 INFO app request path=/dashboard method=GET status=200 latency_ms=6.2
2026-02-04 22:05:58,992 INFO httpx HTTP Request: GET http://testserver/dashboard "HTTP/1.1 200 OK"
2026-02-04 22:05:58,994 INFO app request path=/logout method=POST status=303 latency_ms=0.0
2026-02-04 22:05:58,996 INFO httpx HTTP Request: POST http://testserver/logout "HTTP/1.1 303 See Other"
2026-02-04 22:20:22,067 INFO auth login success user_id=testuser
2026-02-04 22:20:22,068 INFO app request path=/login method=POST status=303 latency_ms=99.0
2026-02-04 22:20:22,070 INFO httpx HTTP Request: POST http://testserver/login "HTTP/1.1 303 See Other"
2026-02-04 22:20:22,076 INFO auth login failed user_id=wrong reason=not_found
2026-02-04 22:20:22,077 INFO app request path=/login method=POST status=303 latency_ms=3.1
2026-02-04 22:20:22,079 INFO httpx HTTP Request: POST http://testserver/login "HTTP/1.1 303 See Other"
2026-02-04 22:20:22,082 INFO httpx HTTP Request: GET http://testserver/dashboard "HTTP/1.1 303 See Other"
2026-02-04 22:20:22,229 INFO auth login success user_id=testuser
2026-02-04 22:20:22,230 INFO app request path=/login method=POST status=303 latency_ms=68.6
2026-02-04 22:20:22,232 INFO httpx HTTP Request: POST http://testserver/login "HTTP/1.1 303 See Other"
2026-02-04 22:20:22,241 INFO app request path=/dashboard method=GET status=200 latency_ms=6.1
2026-02-04 22:20:22,243 INFO httpx HTTP Request: GET http://testserver/dashboard "HTTP/1.1 200 OK"
2026-02-04 22:20:22,245 INFO app request path=/logout method=POST status=303 latency_ms=1.0
2026-02-04 22:20:22,246 INFO httpx HTTP Request: POST http://testserver/logout "HTTP/1.1 303 See Other"
2026-02-04 22:37:58,734 INFO app request path=/login method=GET status=200 latency_ms=15.5
2026-02-04 22:37:58,837 INFO app request path=/assets/app.css method=GET status=200 latency_ms=52.5
2026-02-04 22:37:58,883 INFO app request path=/login method=GET status=200 latency_ms=1.1
2026-02-04 22:53:08,805 INFO auth login success user_id=testuser
2026-02-04 22:53:08,806 INFO app request path=/login method=POST status=303 latency_ms=78.8
2026-02-04 22:53:08,809 INFO httpx HTTP Request: POST http://testserver/login "HTTP/1.1 303 See Other"
2026-02-04 22:53:08,816 INFO auth login failed user_id=wrong reason=not_found
2026-02-04 22:53:08,816 INFO app request path=/login method=POST status=303 latency_ms=2.5
2026-02-04 22:53:08,817 INFO httpx HTTP Request: POST http://testserver/login "HTTP/1.1 303 See Other"
2026-02-04 22:53:08,822 INFO httpx HTTP Request: GET http://testserver/dashboard "HTTP/1.1 303 See Other"
2026-02-04 22:53:08,972 INFO auth login success user_id=testuser
2026-02-04 22:53:08,974 INFO app request path=/login method=POST status=303 latency_ms=71.1
2026-02-04 22:53:08,975 INFO httpx HTTP Request: POST http://testserver/login "HTTP/1.1 303 See Other"
2026-02-04 22:53:08,984 INFO app request path=/dashboard method=GET status=200 latency_ms=6.8
2026-02-04 22:53:08,985 INFO httpx HTTP Request: GET http://testserver/dashboard "HTTP/1.1 200 OK"
2026-02-04 22:53:08,987 INFO app request path=/logout method=POST status=303 latency_ms=0.0
2026-02-04 22:53:08,988 INFO httpx HTTP Request: POST http://testserver/logout "HTTP/1.1 303 See Other"
